[     599ms] [INFO] %cDownload the React DevTools for a better development experience: https://reactjs.org/link/react-devtools font-weight:bold @ http://localhost:5173/node_modules/.vite/deps/chunk-XQLYTHWV.js?v=f6edd57b:21550
[    1498ms] [ERROR] Failed to load resource: the server responded with a status of 401 () @ https://wuhidifzsutwgdfkwhmd.supabase.co/rest/v1/rpc/get_my_active_clubs:0
[    1500ms] [ERROR] Failed to load resource: the server responded with a status of 401 () @ https://wuhidifzsutwgdfkwhmd.supabase.co/rest/v1/rpc/get_my_active_clubs:0
[    1531ms] [ERROR] Failed to load resource: the server responded with a status of 401 () @ https://wuhidifzsutwgdfkwhmd.supabase.co/rest/v1/rbv_plati_club?select=*:0
[    1555ms] [ERROR] Failed to load resource: the server responded with a status of 401 () @ https://wuhidifzsutwgdfkwhmd.supabase.co/rest/v1/rbv_sportivi_complet?select=id%2Cuser_id%2Cnume%2Cprenume%2Cemail%2Cusername%2Cstatus%2Cfamilie_id%2Cclub_id%2Cgrupa_id%2Cgrad_actual_id%2Cdata_nasterii%2Cdata_inscrierii%2Ccnp%2Ctelefon%2Cadresa%2Cgen%2Cclub_nume%2Cgrad_nume%2Cgrupa_denumire%2Croluri%3Autilizator_roluri_multicont%28id%2Crol_id%2Crol_denumire%29&order=nume.asc:0
[    1716ms] [VERBOSE] [DOM] Input elements should have autocomplete attributes (suggested: "current-password"): (More info: https://goo.gl/9p2vKq) %o @ http://localhost:5173/login:0
[    2702ms] [ERROR] Failed to load resource: the server responded with a status of 401 () @ https://wuhidifzsutwgdfkwhmd.supabase.co/rest/v1/rbv_plati_club?select=*:0
[    2925ms] [ERROR] Failed to load resource: the server responded with a status of 401 () @ https://wuhidifzsutwgdfkwhmd.supabase.co/rest/v1/rbv_sportivi_complet?select=id%2Cuser_id%2Cnume%2Cprenume%2Cemail%2Cusername%2Cstatus%2Cfamilie_id%2Cclub_id%2Cgrupa_id%2Cgrad_actual_id%2Cdata_nasterii%2Cdata_inscrierii%2Ccnp%2Ctelefon%2Cadresa%2Cgen%2Cclub_nume%2Cgrad_nume%2Cgrupa_denumire%2Croluri%3Autilizator_roluri_multicont%28id%2Crol_id%2Crol_denumire%29&order=nume.asc:0
[    4828ms] [ERROR] Failed to load resource: the server responded with a status of 401 () @ https://wuhidifzsutwgdfkwhmd.supabase.co/rest/v1/rbv_plati_club?select=*:0
[    5126ms] [ERROR] Failed to load resource: the server responded with a status of 401 () @ https://wuhidifzsutwgdfkwhmd.supabase.co/rest/v1/rbv_sportivi_complet?select=id%2Cuser_id%2Cnume%2Cprenume%2Cemail%2Cusername%2Cstatus%2Cfamilie_id%2Cclub_id%2Cgrupa_id%2Cgrad_actual_id%2Cdata_nasterii%2Cdata_inscrierii%2Ccnp%2Ctelefon%2Cadresa%2Cgen%2Cclub_nume%2Cgrad_nume%2Cgrupa_denumire%2Croluri%3Autilizator_roluri_multicont%28id%2Crol_id%2Crol_denumire%29&order=nume.asc:0
[    8945ms] [ERROR] Failed to load resource: the server responded with a status of 401 () @ https://wuhidifzsutwgdfkwhmd.supabase.co/rest/v1/rbv_plati_club?select=*:0
[    9447ms] [ERROR] Failed to load resource: the server responded with a status of 401 () @ https://wuhidifzsutwgdfkwhmd.supabase.co/rest/v1/rbv_sportivi_complet?select=id%2Cuser_id%2Cnume%2Cprenume%2Cemail%2Cusername%2Cstatus%2Cfamilie_id%2Cclub_id%2Cgrupa_id%2Cgrad_actual_id%2Cdata_nasterii%2Cdata_inscrierii%2Ccnp%2Ctelefon%2Cadresa%2Cgen%2Cclub_nume%2Cgrad_nume%2Cgrupa_denumire%2Croluri%3Autilizator_roluri_multicont%28id%2Crol_id%2Crol_denumire%29&order=nume.asc:0
[   45728ms] [INFO] %cDownload the React DevTools for a better development experience: https://reactjs.org/link/react-devtools font-weight:bold @ http://localhost:5173/node_modules/.vite/deps/chunk-XQLYTHWV.js?v=f6edd57b:21550
[   46774ms] [ERROR] Failed to load resource: the server responded with a status of 406 () @ https://wuhidifzsutwgdfkwhmd.supabase.co/rest/v1/users?select=tema_config&id=eq.ba1dd235-11b5-4093-ba7d-aee17508ca38:0
[   74764ms] [ERROR] Warning: validateDOMNesting(...): %s cannot appear as a descendant of <%s>.%s <button> button 
    at button
    at div
    at div
    at button
    at CardProbaItem (http://localhost:5173/components/Competitii/InscriereClubWizard/InscriereClubCards.tsx:158:26)
    at div
    at div
    at InscriereClubCards (http://localhost:5173/components/Competitii/InscriereClubWizard/InscriereClubCards.tsx:379:5)
    at InscriereClubWizard (http://localhost:5173/components/Competitii/InscriereClubWizard/index.tsx:27:3)
    at div
    at CompetitieDetail (http://localhost:5173/components/Competitii/index.tsx:50:29)
    at CompetitiiManagement (http://localhost:5173/components/Competitii/index.tsx:1185:40)
    at Suspense
    at div
    at MotionDOMComponent (http://localhost:5173/node_modules/.vite/deps/motion_react.js?v=f6edd57b:8882:40)
    at PopChildMeasure (http://localhost:5173/node_modules/.vite/deps/motion_react.js?v=f6edd57b:8021:23)
    at PopChild (http://localhost:5173/node_modules/.vite/deps/motion_react.js?v=f6edd57b:8048:21)
    at PresenceChild (http://localhost:5173/node_modules/.vite/deps/motion_react.js?v=f6edd57b:8098:24)
    at AnimatePresence (http://localhost:5173/node_modules/.vite/deps/motion_react.js?v=f6edd57b:8175:26)
    at AppRouter (http://localhost:5173/components/AppRouter.tsx:30:3)
    at ClubGuard (http://localhost:5173/components/ClubGuard.tsx:20:29)
    at ErrorBoundary (http://localhost:5173/components/ErrorBoundary.tsx:5:1)
    at div
    at main
    at div
    at AppLayout (http://localhost:5173/components/AppLayout.tsx:30:3)
    at AIAssistantProvider (http://localhost:5173/contexts/AIAssistantContext.tsx:26:3)
    at NotificationProvider (http://localhost:5173/contexts/NotificationContext.tsx:21:40)
    at SystemGuardian (http://localhost:5173/components/SystemGuardian.tsx:137:34)
    at App (http://localhost:5173/App.tsx:56:7)
    at Router (http://localhost:5173/node_modules/.vite/deps/react-router-dom.js?v=f6edd57b:4544:15)
    at BrowserRouter (http://localhost:5173/node_modules/.vite/deps/react-router-dom.js?v=f6edd57b:5290:5)
    at ThemeProvider (http://localhost:5173/contexts/ThemeContext.tsx:23:33)
    at NavigationProvider (http://localhost:5173/contexts/NavigationContext.tsx:22:38)
    at DataProvider (http://localhost:5173/contexts/DataContext.tsx:21:32)
    at QueryClientProvider (http://localhost:5173/node_modules/.vite/deps/@tanstack_react-query.js?v=f6edd57b:3194:3)
    at ErrorProvider (http://localhost:5173/components/ErrorProvider.tsx:31:33) @ http://localhost:5173/node_modules/.vite/deps/chunk-XQLYTHWV.js?v=f6edd57b:520
[   91356ms] [INFO] %cDownload the React DevTools for a better development experience: https://reactjs.org/link/react-devtools font-weight:bold @ http://localhost:5173/node_modules/.vite/deps/chunk-XQLYTHWV.js?v=f6edd57b:21550
[   98947ms] [ERROR] Failed to load resource: the server responded with a status of 406 () @ https://wuhidifzsutwgdfkwhmd.supabase.co/rest/v1/users?select=tema_config&id=eq.ba1dd235-11b5-4093-ba7d-aee17508ca38:0
[  112204ms] [ERROR] Failed to load resource: the server responded with a status of 500 () @ https://wuhidifzsutwgdfkwhmd.supabase.co/rest/v1/vedere_cluburi_program_antrenamente?select=*:0
[  112205ms] [ERROR] Error fetching attendance data: {code: 57014, details: null, hint: null, message: canceling statement due to statement timeout} @ http://localhost:5173/hooks/useAttendanceData.ts:70
[  112206ms] [ERROR] DETALII EROARE: "canceling statement due to statement timeout" @ http://localhost:5173/components/ErrorProvider.tsx:35
[  213554ms] [INFO] %cDownload the React DevTools for a better development experience: https://reactjs.org/link/react-devtools font-weight:bold @ http://localhost:5173/node_modules/.vite/deps/chunk-XQLYTHWV.js?v=f6edd57b:21550
[  216062ms] [ERROR] Failed to load resource: the server responded with a status of 406 () @ https://wuhidifzsutwgdfkwhmd.supabase.co/rest/v1/users?select=tema_config&id=eq.ba1dd235-11b5-4093-ba7d-aee17508ca38:0
[  372486ms] [INFO] %cDownload the React DevTools for a better development experience: https://reactjs.org/link/react-devtools font-weight:bold @ http://localhost:5173/node_modules/.vite/deps/chunk-XQLYTHWV.js?v=f6edd57b:21550
[  373575ms] [ERROR] Failed to load resource: the server responded with a status of 406 () @ https://wuhidifzsutwgdfkwhmd.supabase.co/rest/v1/users?select=tema_config&id=eq.ba1dd235-11b5-4093-ba7d-aee17508ca38:0
