[     263ms] [INFO] %cDownload the React DevTools for a better development experience: https://reactjs.org/link/react-devtools font-weight:bold @ http://localhost:5173/node_modules/.vite/deps/chunk-XQLYTHWV.js?v=f6edd57b:21550
[    1143ms] [ERROR] Failed to load resource: the server responded with a status of 406 () @ https://wuhidifzsutwgdfkwhmd.supabase.co/rest/v1/users?select=tema_config&id=eq.ba1dd235-11b5-4093-ba7d-aee17508ca38:0
[    5198ms] [ERROR] Warning: validateDOMNesting(...): %s cannot appear as a descendant of <%s>.%s <button> button 
    at button
    at div
    at div
    at button
    at CardProbaItem (http://localhost:5173/components/Competitii/InscriereClubWizard/InscriereClubCards.tsx?t=1781036309498:158:26)
    at div
    at div
    at InscriereClubCards (http://localhost:5173/components/Competitii/InscriereClubWizard/InscriereClubCards.tsx?t=1781036309498:379:5)
    at InscriereClubWizard (http://localhost:5173/components/Competitii/InscriereClubWizard/index.tsx?t=1781038558161:27:3)
    at div
    at CompetitieDetail (http://localhost:5173/components/Competitii/index.tsx?t=1781038558161:50:29)
    at CompetitiiManagement (http://localhost:5173/components/Competitii/index.tsx?t=1781038558161:1199:40)
    at Suspense
    at div
    at MotionDOMComponent (http://localhost:5173/node_modules/.vite/deps/motion_react.js?v=f6edd57b:8882:40)
    at PopChildMeasure (http://localhost:5173/node_modules/.vite/deps/motion_react.js?v=f6edd57b:8021:23)
    at PopChild (http://localhost:5173/node_modules/.vite/deps/motion_react.js?v=f6edd57b:8048:21)
    at PresenceChild (http://localhost:5173/node_modules/.vite/deps/motion_react.js?v=f6edd57b:8098:24)
    at AnimatePresence (http://localhost:5173/node_modules/.vite/deps/motion_react.js?v=f6edd57b:8175:26)
    at AppRouter (http://localhost:5173/components/AppRouter.tsx?t=1781038558161:30:3)
    at ClubGuard (http://localhost:5173/components/ClubGuard.tsx:20:29)
    at ErrorBoundary (http://localhost:5173/components/ErrorBoundary.tsx:5:1)
    at div
    at main
    at div
    at AppLayout (http://localhost:5173/components/AppLayout.tsx?t=1781038558161:30:3)
    at AIAssistantProvider (http://localhost:5173/contexts/AIAssistantContext.tsx:26:3)
    at NotificationProvider (http://localhost:5173/contexts/NotificationContext.tsx:21:40)
    at SystemGuardian (http://localhost:5173/components/SystemGuardian.tsx?t=1781036309498:137:34)
    at App (http://localhost:5173/App.tsx?t=1781038558161:56:7)
    at Router (http://localhost:5173/node_modules/.vite/deps/react-router-dom.js?v=f6edd57b:4544:15)
    at BrowserRouter (http://localhost:5173/node_modules/.vite/deps/react-router-dom.js?v=f6edd57b:5290:5)
    at ThemeProvider (http://localhost:5173/contexts/ThemeContext.tsx:23:33)
    at NavigationProvider (http://localhost:5173/contexts/NavigationContext.tsx:22:38)
    at DataProvider (http://localhost:5173/contexts/DataContext.tsx:21:32)
    at QueryClientProvider (http://localhost:5173/node_modules/.vite/deps/@tanstack_react-query.js?v=f6edd57b:3194:3)
    at ErrorProvider (http://localhost:5173/components/ErrorProvider.tsx:31:33) @ http://localhost:5173/node_modules/.vite/deps/chunk-XQLYTHWV.js?v=f6edd57b:520
