[    6346ms] [INFO] %cDownload the React DevTools for a better development experience: https://reactjs.org/link/react-devtools font-weight:bold @ http://localhost:5173/node_modules/.vite/deps/chunk-XQLYTHWV.js?v=f6edd57b:21550
[  447183ms] ReferenceError: roleSwitcherRef is not defined
    at buildSidebarContent (http://localhost:5173/components/Sidebar.tsx?t=1781678699869:190:46)
    at Sidebar (http://localhost:5173/components/Sidebar.tsx?t=1781678699869:372:238)
    at renderWithHooks (http://localhost:5173/node_modules/.vite/deps/chunk-XQLYTHWV.js?v=f6edd57b:11548:26)
    at mountIndeterminateComponent (http://localhost:5173/node_modules/.vite/deps/chunk-XQLYTHWV.js?v=f6edd57b:14926:21)
    at beginWork (http://localhost:5173/node_modules/.vite/deps/chunk-XQLYTHWV.js?v=f6edd57b:15914:22)
    at HTMLUnknownElement.callCallback2 (http://localhost:5173/node_modules/.vite/deps/chunk-XQLYTHWV.js?v=f6edd57b:3674:22)
    at Object.invokeGuardedCallbackDev (http://localhost:5173/node_modules/.vite/deps/chunk-XQLYTHWV.js?v=f6edd57b:3699:24)
    at invokeGuardedCallback (http://localhost:5173/node_modules/.vite/deps/chunk-XQLYTHWV.js?v=f6edd57b:3733:39)
    at beginWork$1 (http://localhost:5173/node_modules/.vite/deps/chunk-XQLYTHWV.js?v=f6edd57b:19765:15)
    at performUnitOfWork (http://localhost:5173/node_modules/.vite/deps/chunk-XQLYTHWV.js?v=f6edd57b:19198:20)
[  447202ms] ReferenceError: roleSwitcherRef is not defined
    at buildSidebarContent (http://localhost:5173/components/Sidebar.tsx?t=1781678699869:190:46)
    at Sidebar (http://localhost:5173/components/Sidebar.tsx?t=1781678699869:372:238)
    at renderWithHooks (http://localhost:5173/node_modules/.vite/deps/chunk-XQLYTHWV.js?v=f6edd57b:11548:26)
    at mountIndeterminateComponent (http://localhost:5173/node_modules/.vite/deps/chunk-XQLYTHWV.js?v=f6edd57b:14926:21)
    at beginWork (http://localhost:5173/node_modules/.vite/deps/chunk-XQLYTHWV.js?v=f6edd57b:15914:22)
    at HTMLUnknownElement.callCallback2 (http://localhost:5173/node_modules/.vite/deps/chunk-XQLYTHWV.js?v=f6edd57b:3674:22)
    at Object.invokeGuardedCallbackDev (http://localhost:5173/node_modules/.vite/deps/chunk-XQLYTHWV.js?v=f6edd57b:3699:24)
    at invokeGuardedCallback (http://localhost:5173/node_modules/.vite/deps/chunk-XQLYTHWV.js?v=f6edd57b:3733:39)
    at beginWork$1 (http://localhost:5173/node_modules/.vite/deps/chunk-XQLYTHWV.js?v=f6edd57b:19765:15)
    at performUnitOfWork (http://localhost:5173/node_modules/.vite/deps/chunk-XQLYTHWV.js?v=f6edd57b:19198:20)
[  447219ms] [ERROR] The above error occurred in the <Sidebar> component:

    at Sidebar (http://localhost:5173/components/Sidebar.tsx?t=1781678699869:46:11)
    at div
    at AppLayout (http://localhost:5173/components/AppLayout.tsx:30:3)
    at AIAssistantProvider (http://localhost:5173/contexts/AIAssistantContext.tsx:26:3)
    at NotificationProvider (http://localhost:5173/contexts/NotificationContext.tsx:21:40)
    at SystemGuardian (http://localhost:5173/components/SystemGuardian.tsx:137:34)
    at App (http://localhost:5173/App.tsx:56:7)
    at Router (http://localhost:5173/node_modules/.vite/deps/react-router-dom.js?v=f6edd57b:4544:15)
    at BrowserRouter (http://localhost:5173/node_modules/.vite/deps/react-router-dom.js?v=f6edd57b:5290:5)
    at ThemeProvider (http://localhost:5173/contexts/ThemeContext.tsx:23:33)
    at NavigationProvider (http://localhost:5173/contexts/NavigationContext.tsx:22:38)
    at DataProvider (http://localhost:5173/contexts/DataContext.tsx:21:32)
    at QueryClientProvider (http://localhost:5173/node_modules/.vite/deps/@tanstack_react-query.js?v=f6edd57b:3194:3)
    at ErrorProvider (http://localhost:5173/components/ErrorProvider.tsx:31:33)

Consider adding an error boundary to your tree to customize error handling behavior.
Visit https://reactjs.org/link/error-boundaries to learn more about error boundaries. @ http://localhost:5173/node_modules/.vite/deps/chunk-XQLYTHWV.js?v=f6edd57b:14031
[  447236ms] ReferenceError: roleSwitcherRef is not defined
    at buildSidebarContent (http://localhost:5173/components/Sidebar.tsx?t=1781678699869:190:46)
    at Sidebar (http://localhost:5173/components/Sidebar.tsx?t=1781678699869:372:238)
    at renderWithHooks (http://localhost:5173/node_modules/.vite/deps/chunk-XQLYTHWV.js?v=f6edd57b:11548:26)
    at mountIndeterminateComponent (http://localhost:5173/node_modules/.vite/deps/chunk-XQLYTHWV.js?v=f6edd57b:14926:21)
    at beginWork (http://localhost:5173/node_modules/.vite/deps/chunk-XQLYTHWV.js?v=f6edd57b:15914:22)
    at beginWork$1 (http://localhost:5173/node_modules/.vite/deps/chunk-XQLYTHWV.js?v=f6edd57b:19753:22)
    at performUnitOfWork (http://localhost:5173/node_modules/.vite/deps/chunk-XQLYTHWV.js?v=f6edd57b:19198:20)
    at workLoopSync (http://localhost:5173/node_modules/.vite/deps/chunk-XQLYTHWV.js?v=f6edd57b:19137:13)
    at renderRootSync (http://localhost:5173/node_modules/.vite/deps/chunk-XQLYTHWV.js?v=f6edd57b:19116:15)
    at recoverFromConcurrentError (http://localhost:5173/node_modules/.vite/deps/chunk-XQLYTHWV.js?v=f6edd57b:18736:28)
[  462056ms] ReferenceError: roleSwitcherRef is not defined
    at buildSidebarContent (http://localhost:5173/components/Sidebar.tsx?t=1781678712124:191:46)
    at Sidebar (http://localhost:5173/components/Sidebar.tsx?t=1781678712124:373:238)
    at renderWithHooks (http://localhost:5173/node_modules/.vite/deps/chunk-XQLYTHWV.js?v=f6edd57b:11548:26)
    at mountIndeterminateComponent (http://localhost:5173/node_modules/.vite/deps/chunk-XQLYTHWV.js?v=f6edd57b:14926:21)
    at beginWork (http://localhost:5173/node_modules/.vite/deps/chunk-XQLYTHWV.js?v=f6edd57b:15914:22)
    at HTMLUnknownElement.callCallback2 (http://localhost:5173/node_modules/.vite/deps/chunk-XQLYTHWV.js?v=f6edd57b:3674:22)
    at Object.invokeGuardedCallbackDev (http://localhost:5173/node_modules/.vite/deps/chunk-XQLYTHWV.js?v=f6edd57b:3699:24)
    at invokeGuardedCallback (http://localhost:5173/node_modules/.vite/deps/chunk-XQLYTHWV.js?v=f6edd57b:3733:39)
    at beginWork$1 (http://localhost:5173/node_modules/.vite/deps/chunk-XQLYTHWV.js?v=f6edd57b:19765:15)
    at performUnitOfWork (http://localhost:5173/node_modules/.vite/deps/chunk-XQLYTHWV.js?v=f6edd57b:19198:20)
[  462265ms] ReferenceError: roleSwitcherRef is not defined
    at buildSidebarContent (http://localhost:5173/components/Sidebar.tsx?t=1781678712124:191:46)
    at Sidebar (http://localhost:5173/components/Sidebar.tsx?t=1781678712124:373:238)
    at renderWithHooks (http://localhost:5173/node_modules/.vite/deps/chunk-XQLYTHWV.js?v=f6edd57b:11548:26)
    at mountIndeterminateComponent (http://localhost:5173/node_modules/.vite/deps/chunk-XQLYTHWV.js?v=f6edd57b:14926:21)
    at beginWork (http://localhost:5173/node_modules/.vite/deps/chunk-XQLYTHWV.js?v=f6edd57b:15914:22)
    at HTMLUnknownElement.callCallback2 (http://localhost:5173/node_modules/.vite/deps/chunk-XQLYTHWV.js?v=f6edd57b:3674:22)
    at Object.invokeGuardedCallbackDev (http://localhost:5173/node_modules/.vite/deps/chunk-XQLYTHWV.js?v=f6edd57b:3699:24)
    at invokeGuardedCallback (http://localhost:5173/node_modules/.vite/deps/chunk-XQLYTHWV.js?v=f6edd57b:3733:39)
    at beginWork$1 (http://localhost:5173/node_modules/.vite/deps/chunk-XQLYTHWV.js?v=f6edd57b:19765:15)
    at performUnitOfWork (http://localhost:5173/node_modules/.vite/deps/chunk-XQLYTHWV.js?v=f6edd57b:19198:20)
[  462477ms] [ERROR] The above error occurred in the <Sidebar> component:

    at Sidebar (http://localhost:5173/components/Sidebar.tsx?t=1781678712124:46:11)
    at div
    at AppLayout (http://localhost:5173/components/AppLayout.tsx:30:3)
    at AIAssistantProvider (http://localhost:5173/contexts/AIAssistantContext.tsx:26:3)
    at NotificationProvider (http://localhost:5173/contexts/NotificationContext.tsx:21:40)
    at SystemGuardian (http://localhost:5173/components/SystemGuardian.tsx:137:34)
    at App (http://localhost:5173/App.tsx:56:7)
    at Router (http://localhost:5173/node_modules/.vite/deps/react-router-dom.js?v=f6edd57b:4544:15)
    at BrowserRouter (http://localhost:5173/node_modules/.vite/deps/react-router-dom.js?v=f6edd57b:5290:5)
    at ThemeProvider (http://localhost:5173/contexts/ThemeContext.tsx:23:33)
    at NavigationProvider (http://localhost:5173/contexts/NavigationContext.tsx:22:38)
    at DataProvider (http://localhost:5173/contexts/DataContext.tsx:21:32)
    at QueryClientProvider (http://localhost:5173/node_modules/.vite/deps/@tanstack_react-query.js?v=f6edd57b:3194:3)
    at ErrorProvider (http://localhost:5173/components/ErrorProvider.tsx:31:33)

Consider adding an error boundary to your tree to customize error handling behavior.
Visit https://reactjs.org/link/error-boundaries to learn more about error boundaries. @ http://localhost:5173/node_modules/.vite/deps/chunk-XQLYTHWV.js?v=f6edd57b:14031
[  462482ms] ReferenceError: roleSwitcherRef is not defined
    at buildSidebarContent (http://localhost:5173/components/Sidebar.tsx?t=1781678712124:191:46)
    at Sidebar (http://localhost:5173/components/Sidebar.tsx?t=1781678712124:373:238)
    at renderWithHooks (http://localhost:5173/node_modules/.vite/deps/chunk-XQLYTHWV.js?v=f6edd57b:11548:26)
    at mountIndeterminateComponent (http://localhost:5173/node_modules/.vite/deps/chunk-XQLYTHWV.js?v=f6edd57b:14926:21)
    at beginWork (http://localhost:5173/node_modules/.vite/deps/chunk-XQLYTHWV.js?v=f6edd57b:15914:22)
    at beginWork$1 (http://localhost:5173/node_modules/.vite/deps/chunk-XQLYTHWV.js?v=f6edd57b:19753:22)
    at performUnitOfWork (http://localhost:5173/node_modules/.vite/deps/chunk-XQLYTHWV.js?v=f6edd57b:19198:20)
    at workLoopSync (http://localhost:5173/node_modules/.vite/deps/chunk-XQLYTHWV.js?v=f6edd57b:19137:13)
    at renderRootSync (http://localhost:5173/node_modules/.vite/deps/chunk-XQLYTHWV.js?v=f6edd57b:19116:15)
    at recoverFromConcurrentError (http://localhost:5173/node_modules/.vite/deps/chunk-XQLYTHWV.js?v=f6edd57b:18736:28)
[  467113ms] ReferenceError: roleSwitcherRef is not defined
    at buildSidebarContent (http://localhost:5173/components/Sidebar.tsx?t=1781678718170:191:46)
    at Sidebar (http://localhost:5173/components/Sidebar.tsx?t=1781678718170:373:238)
    at renderWithHooks (http://localhost:5173/node_modules/.vite/deps/chunk-XQLYTHWV.js?v=f6edd57b:11548:26)
    at mountIndeterminateComponent (http://localhost:5173/node_modules/.vite/deps/chunk-XQLYTHWV.js?v=f6edd57b:14926:21)
    at beginWork (http://localhost:5173/node_modules/.vite/deps/chunk-XQLYTHWV.js?v=f6edd57b:15914:22)
    at HTMLUnknownElement.callCallback2 (http://localhost:5173/node_modules/.vite/deps/chunk-XQLYTHWV.js?v=f6edd57b:3674:22)
    at Object.invokeGuardedCallbackDev (http://localhost:5173/node_modules/.vite/deps/chunk-XQLYTHWV.js?v=f6edd57b:3699:24)
    at invokeGuardedCallback (http://localhost:5173/node_modules/.vite/deps/chunk-XQLYTHWV.js?v=f6edd57b:3733:39)
    at beginWork$1 (http://localhost:5173/node_modules/.vite/deps/chunk-XQLYTHWV.js?v=f6edd57b:19765:15)
    at performUnitOfWork (http://localhost:5173/node_modules/.vite/deps/chunk-XQLYTHWV.js?v=f6edd57b:19198:20)
[  467202ms] ReferenceError: roleSwitcherRef is not defined
    at buildSidebarContent (http://localhost:5173/components/Sidebar.tsx?t=1781678718170:191:46)
    at Sidebar (http://localhost:5173/components/Sidebar.tsx?t=1781678718170:373:238)
    at renderWithHooks (http://localhost:5173/node_modules/.vite/deps/chunk-XQLYTHWV.js?v=f6edd57b:11548:26)
    at mountIndeterminateComponent (http://localhost:5173/node_modules/.vite/deps/chunk-XQLYTHWV.js?v=f6edd57b:14926:21)
    at beginWork (http://localhost:5173/node_modules/.vite/deps/chunk-XQLYTHWV.js?v=f6edd57b:15914:22)
    at HTMLUnknownElement.callCallback2 (http://localhost:5173/node_modules/.vite/deps/chunk-XQLYTHWV.js?v=f6edd57b:3674:22)
    at Object.invokeGuardedCallbackDev (http://localhost:5173/node_modules/.vite/deps/chunk-XQLYTHWV.js?v=f6edd57b:3699:24)
    at invokeGuardedCallback (http://localhost:5173/node_modules/.vite/deps/chunk-XQLYTHWV.js?v=f6edd57b:3733:39)
    at beginWork$1 (http://localhost:5173/node_modules/.vite/deps/chunk-XQLYTHWV.js?v=f6edd57b:19765:15)
    at performUnitOfWork (http://localhost:5173/node_modules/.vite/deps/chunk-XQLYTHWV.js?v=f6edd57b:19198:20)
[  467293ms] [ERROR] The above error occurred in the <Sidebar> component:

    at Sidebar (http://localhost:5173/components/Sidebar.tsx?t=1781678718170:46:11)
    at div
    at AppLayout (http://localhost:5173/components/AppLayout.tsx:30:3)
    at AIAssistantProvider (http://localhost:5173/contexts/AIAssistantContext.tsx:26:3)
    at NotificationProvider (http://localhost:5173/contexts/NotificationContext.tsx:21:40)
    at SystemGuardian (http://localhost:5173/components/SystemGuardian.tsx:137:34)
    at App (http://localhost:5173/App.tsx:56:7)
    at Router (http://localhost:5173/node_modules/.vite/deps/react-router-dom.js?v=f6edd57b:4544:15)
    at BrowserRouter (http://localhost:5173/node_modules/.vite/deps/react-router-dom.js?v=f6edd57b:5290:5)
    at ThemeProvider (http://localhost:5173/contexts/ThemeContext.tsx:23:33)
    at NavigationProvider (http://localhost:5173/contexts/NavigationContext.tsx:22:38)
    at DataProvider (http://localhost:5173/contexts/DataContext.tsx:21:32)
    at QueryClientProvider (http://localhost:5173/node_modules/.vite/deps/@tanstack_react-query.js?v=f6edd57b:3194:3)
    at ErrorProvider (http://localhost:5173/components/ErrorProvider.tsx:31:33)

Consider adding an error boundary to your tree to customize error handling behavior.
Visit https://reactjs.org/link/error-boundaries to learn more about error boundaries. @ http://localhost:5173/node_modules/.vite/deps/chunk-XQLYTHWV.js?v=f6edd57b:14031
[  467292ms] ReferenceError: roleSwitcherRef is not defined
    at buildSidebarContent (http://localhost:5173/components/Sidebar.tsx?t=1781678718170:191:46)
    at Sidebar (http://localhost:5173/components/Sidebar.tsx?t=1781678718170:373:238)
    at renderWithHooks (http://localhost:5173/node_modules/.vite/deps/chunk-XQLYTHWV.js?v=f6edd57b:11548:26)
    at mountIndeterminateComponent (http://localhost:5173/node_modules/.vite/deps/chunk-XQLYTHWV.js?v=f6edd57b:14926:21)
    at beginWork (http://localhost:5173/node_modules/.vite/deps/chunk-XQLYTHWV.js?v=f6edd57b:15914:22)
    at beginWork$1 (http://localhost:5173/node_modules/.vite/deps/chunk-XQLYTHWV.js?v=f6edd57b:19753:22)
    at performUnitOfWork (http://localhost:5173/node_modules/.vite/deps/chunk-XQLYTHWV.js?v=f6edd57b:19198:20)
    at workLoopSync (http://localhost:5173/node_modules/.vite/deps/chunk-XQLYTHWV.js?v=f6edd57b:19137:13)
    at renderRootSync (http://localhost:5173/node_modules/.vite/deps/chunk-XQLYTHWV.js?v=f6edd57b:19116:15)
    at recoverFromConcurrentError (http://localhost:5173/node_modules/.vite/deps/chunk-XQLYTHWV.js?v=f6edd57b:18736:28)
