[     240ms] [INFO] %cDownload the React DevTools for a better development experience: https://reactjs.org/link/react-devtools font-weight:bold @ http://localhost:5173/node_modules/.vite/deps/chunk-XQLYTHWV.js?v=f6edd57b:21550
[  416418ms] [ERROR] Failed to load resource: the server responded with a status of 409 () @ https://wuhidifzsutwgdfkwhmd.supabase.co/rest/v1/inscrieri_examene?on_conflict=sportiv_id%2Csesiune_id&select=*:0
[  416426ms] [ERROR] [ImportExcel] Eroare înscriere CERCEL IOANA-MELISA: {code: 23505, details: null, hint: null, message: duplicate key value violates unique constraint "inscrieri_examene_sportiv_grad_unique"} @ http://localhost:5173/components/GestiuneExamene/ImportExcelExamen.tsx:224
[  416547ms] [ERROR] Failed to load resource: the server responded with a status of 400 () @ https://wuhidifzsutwgdfkwhmd.supabase.co/rest/v1/sportivi?select=*:0
[  417034ms] [ERROR] Failed to load resource: the server responded with a status of 409 () @ https://wuhidifzsutwgdfkwhmd.supabase.co/rest/v1/inscrieri_examene?on_conflict=sportiv_id%2Csesiune_id&select=*:0
[  417035ms] [ERROR] [ImportExcel] Eroare înscriere BĂEȘU TEODOR: {code: 23505, details: null, hint: null, message: duplicate key value violates unique constraint "inscrieri_examene_sportiv_grad_unique"} @ http://localhost:5173/components/GestiuneExamene/ImportExcelExamen.tsx:224
[  417444ms] [ERROR] Failed to load resource: the server responded with a status of 409 () @ https://wuhidifzsutwgdfkwhmd.supabase.co/rest/v1/inscrieri_examene?on_conflict=sportiv_id%2Csesiune_id&select=*:0
[  417447ms] [ERROR] [ImportExcel] Eroare înscriere CURCĂ ANASTASIA IONELA: {code: 23505, details: null, hint: null, message: duplicate key value violates unique constraint "inscrieri_examene_sportiv_grad_unique"} @ http://localhost:5173/components/GestiuneExamene/ImportExcelExamen.tsx:224
[  417799ms] [ERROR] Failed to load resource: the server responded with a status of 409 () @ https://wuhidifzsutwgdfkwhmd.supabase.co/rest/v1/inscrieri_examene?on_conflict=sportiv_id%2Csesiune_id&select=*:0
[  417799ms] [ERROR] [ImportExcel] Eroare înscriere DELEANU GUȘĂ EDEN MARIA: {code: 23505, details: null, hint: null, message: duplicate key value violates unique constraint "inscrieri_examene_sportiv_grad_unique"} @ http://localhost:5173/components/GestiuneExamene/ImportExcelExamen.tsx:224
[  418158ms] [ERROR] Failed to load resource: the server responded with a status of 409 () @ https://wuhidifzsutwgdfkwhmd.supabase.co/rest/v1/inscrieri_examene?on_conflict=sportiv_id%2Csesiune_id&select=*:0
[  418158ms] [ERROR] [ImportExcel] Eroare înscriere GRIGORAȘ ECATERINA: {code: 23505, details: null, hint: null, message: duplicate key value violates unique constraint "inscrieri_examene_sportiv_grad_unique"} @ http://localhost:5173/components/GestiuneExamene/ImportExcelExamen.tsx:224
[  418565ms] [ERROR] Failed to load resource: the server responded with a status of 409 () @ https://wuhidifzsutwgdfkwhmd.supabase.co/rest/v1/inscrieri_examene?on_conflict=sportiv_id%2Csesiune_id&select=*:0
[  418566ms] [ERROR] [ImportExcel] Eroare înscriere ONOFREI LUCA: {code: 23505, details: null, hint: null, message: duplicate key value violates unique constraint "inscrieri_examene_sportiv_grad_unique"} @ http://localhost:5173/components/GestiuneExamene/ImportExcelExamen.tsx:224
[  418981ms] [ERROR] Failed to load resource: the server responded with a status of 409 () @ https://wuhidifzsutwgdfkwhmd.supabase.co/rest/v1/inscrieri_examene?on_conflict=sportiv_id%2Csesiune_id&select=*:0
[  418981ms] [ERROR] [ImportExcel] Eroare înscriere PASINCIUC FILIP: {code: 23505, details: null, hint: null, message: duplicate key value violates unique constraint "inscrieri_examene_sportiv_grad_unique"} @ http://localhost:5173/components/GestiuneExamene/ImportExcelExamen.tsx:224
[  419385ms] [ERROR] Failed to load resource: the server responded with a status of 409 () @ https://wuhidifzsutwgdfkwhmd.supabase.co/rest/v1/inscrieri_examene?on_conflict=sportiv_id%2Csesiune_id&select=*:0
[  419389ms] [ERROR] [ImportExcel] Eroare înscriere PINTILEI DARIUS ANDREI: {code: 23505, details: null, hint: null, message: duplicate key value violates unique constraint "inscrieri_examene_sportiv_grad_unique"} @ http://localhost:5173/components/GestiuneExamene/ImportExcelExamen.tsx:224
[  419796ms] [ERROR] Failed to load resource: the server responded with a status of 409 () @ https://wuhidifzsutwgdfkwhmd.supabase.co/rest/v1/inscrieri_examene?on_conflict=sportiv_id%2Csesiune_id&select=*:0
[  419798ms] [ERROR] [ImportExcel] Eroare înscriere SANDU FABIAN-IOAN: {code: 23505, details: null, hint: null, message: duplicate key value violates unique constraint "inscrieri_examene_sportiv_grad_unique"} @ http://localhost:5173/components/GestiuneExamene/ImportExcelExamen.tsx:224
[  420101ms] [ERROR] Failed to load resource: the server responded with a status of 409 () @ https://wuhidifzsutwgdfkwhmd.supabase.co/rest/v1/inscrieri_examene?on_conflict=sportiv_id%2Csesiune_id&select=*:0
[  420102ms] [ERROR] [ImportExcel] Eroare înscriere ȘOLDĂNESCU MATEI: {code: 23505, details: null, hint: null, message: duplicate key value violates unique constraint "inscrieri_examene_sportiv_grad_unique"} @ http://localhost:5173/components/GestiuneExamene/ImportExcelExamen.tsx:224
[  420312ms] [ERROR] Failed to load resource: the server responded with a status of 409 () @ https://wuhidifzsutwgdfkwhmd.supabase.co/rest/v1/inscrieri_examene?on_conflict=sportiv_id%2Csesiune_id&select=*:0
[  420313ms] [ERROR] [ImportExcel] Eroare înscriere ȘOLDĂNESCU MINA: {code: 23505, details: null, hint: null, message: duplicate key value violates unique constraint "inscrieri_examene_sportiv_grad_unique"} @ http://localhost:5173/components/GestiuneExamene/ImportExcelExamen.tsx:224
[  420616ms] [ERROR] Failed to load resource: the server responded with a status of 409 () @ https://wuhidifzsutwgdfkwhmd.supabase.co/rest/v1/inscrieri_examene?on_conflict=sportiv_id%2Csesiune_id&select=*:0
[  420617ms] [ERROR] [ImportExcel] Eroare înscriere VAMEȘU DARIA-PARASCHIVA: {code: 23505, details: null, hint: null, message: duplicate key value violates unique constraint "inscrieri_examene_sportiv_grad_unique"} @ http://localhost:5173/components/GestiuneExamene/ImportExcelExamen.tsx:224
[  421349ms] [ERROR] Failed to load resource: the server responded with a status of 409 () @ https://wuhidifzsutwgdfkwhmd.supabase.co/rest/v1/inscrieri_examene?on_conflict=sportiv_id%2Csesiune_id&select=*:0
[  421350ms] [ERROR] [ImportExcel] Eroare înscriere ANDREI ALEXANDRU-DANIEL: {code: 23505, details: null, hint: null, message: duplicate key value violates unique constraint "inscrieri_examene_sportiv_grad_unique"} @ http://localhost:5173/components/GestiuneExamene/ImportExcelExamen.tsx:224
[  421464ms] [ERROR] Failed to load resource: the server responded with a status of 409 () @ https://wuhidifzsutwgdfkwhmd.supabase.co/rest/v1/inscrieri_examene?on_conflict=sportiv_id%2Csesiune_id&select=*:0
[  421465ms] [ERROR] [ImportExcel] Eroare înscriere ANDREI PAUL-CRISTIAN: {code: 23505, details: null, hint: null, message: duplicate key value violates unique constraint "inscrieri_examene_sportiv_grad_unique"} @ http://localhost:5173/components/GestiuneExamene/ImportExcelExamen.tsx:224
[  421640ms] [ERROR] Failed to load resource: the server responded with a status of 409 () @ https://wuhidifzsutwgdfkwhmd.supabase.co/rest/v1/inscrieri_examene?on_conflict=sportiv_id%2Csesiune_id&select=*:0
[  421641ms] [ERROR] [ImportExcel] Eroare înscriere ANECHIFORESEI GABRIELA: {code: 23505, details: null, hint: null, message: duplicate key value violates unique constraint "inscrieri_examene_sportiv_grad_unique"} @ http://localhost:5173/components/GestiuneExamene/ImportExcelExamen.tsx:224
[  421763ms] [ERROR] Failed to load resource: the server responded with a status of 409 () @ https://wuhidifzsutwgdfkwhmd.supabase.co/rest/v1/inscrieri_examene?on_conflict=sportiv_id%2Csesiune_id&select=*:0
[  421765ms] [ERROR] [ImportExcel] Eroare înscriere BRĂNEANU PETRU SEBASTIAN: {code: 23505, details: null, hint: null, message: duplicate key value violates unique constraint "inscrieri_examene_sportiv_grad_unique"} @ http://localhost:5173/components/GestiuneExamene/ImportExcelExamen.tsx:224
[  421875ms] [ERROR] Failed to load resource: the server responded with a status of 409 () @ https://wuhidifzsutwgdfkwhmd.supabase.co/rest/v1/inscrieri_examene?on_conflict=sportiv_id%2Csesiune_id&select=*:0
[  421876ms] [ERROR] [ImportExcel] Eroare înscriere CIOCÂRLAN ARSENIE: {code: 23505, details: null, hint: null, message: duplicate key value violates unique constraint "inscrieri_examene_sportiv_grad_unique"} @ http://localhost:5173/components/GestiuneExamene/ImportExcelExamen.tsx:224
[  422049ms] [ERROR] Failed to load resource: the server responded with a status of 409 () @ https://wuhidifzsutwgdfkwhmd.supabase.co/rest/v1/inscrieri_examene?on_conflict=sportiv_id%2Csesiune_id&select=*:0
[  422051ms] [ERROR] [ImportExcel] Eroare înscriere CIOCÂRLAN RAMIN-DIMITRIE: {code: 23505, details: null, hint: null, message: duplicate key value violates unique constraint "inscrieri_examene_sportiv_grad_unique"} @ http://localhost:5173/components/GestiuneExamene/ImportExcelExamen.tsx:224
[  422166ms] [ERROR] Failed to load resource: the server responded with a status of 409 () @ https://wuhidifzsutwgdfkwhmd.supabase.co/rest/v1/inscrieri_examene?on_conflict=sportiv_id%2Csesiune_id&select=*:0
[  422167ms] [ERROR] [ImportExcel] Eroare înscriere COJOCARU DARIUS MATEI: {code: 23505, details: null, hint: null, message: duplicate key value violates unique constraint "inscrieri_examene_sportiv_grad_unique"} @ http://localhost:5173/components/GestiuneExamene/ImportExcelExamen.tsx:224
[  422279ms] [ERROR] Failed to load resource: the server responded with a status of 409 () @ https://wuhidifzsutwgdfkwhmd.supabase.co/rest/v1/inscrieri_examene?on_conflict=sportiv_id%2Csesiune_id&select=*:0
[  422281ms] [ERROR] [ImportExcel] Eroare înscriere COSTAN DARIUS GEORGIAN: {code: 23505, details: null, hint: null, message: duplicate key value violates unique constraint "inscrieri_examene_sportiv_grad_unique"} @ http://localhost:5173/components/GestiuneExamene/ImportExcelExamen.tsx:224
[  422458ms] [ERROR] Failed to load resource: the server responded with a status of 409 () @ https://wuhidifzsutwgdfkwhmd.supabase.co/rest/v1/inscrieri_examene?on_conflict=sportiv_id%2Csesiune_id&select=*:0
[  422460ms] [ERROR] [ImportExcel] Eroare înscriere GREȘANU MARIA: {code: 23505, details: null, hint: null, message: duplicate key value violates unique constraint "inscrieri_examene_sportiv_grad_unique"} @ http://localhost:5173/components/GestiuneExamene/ImportExcelExamen.tsx:224
[  422540ms] [ERROR] Failed to load resource: the server responded with a status of 400 () @ https://wuhidifzsutwgdfkwhmd.supabase.co/rest/v1/sportivi?select=*:0
[  422647ms] [ERROR] Failed to load resource: the server responded with a status of 409 () @ https://wuhidifzsutwgdfkwhmd.supabase.co/rest/v1/inscrieri_examene?on_conflict=sportiv_id%2Csesiune_id&select=*:0
[  422649ms] [ERROR] [ImportExcel] Eroare înscriere MIHAI IOANA: {code: 23505, details: null, hint: null, message: duplicate key value violates unique constraint "inscrieri_examene_sportiv_grad_unique"} @ http://localhost:5173/components/GestiuneExamene/ImportExcelExamen.tsx:224
[  422742ms] [ERROR] Failed to load resource: the server responded with a status of 409 () @ https://wuhidifzsutwgdfkwhmd.supabase.co/rest/v1/inscrieri_examene?on_conflict=sportiv_id%2Csesiune_id&select=*:0
[  422743ms] [ERROR] [ImportExcel] Eroare înscriere PÎRVU RICARDO-IOAN: {code: 23505, details: null, hint: null, message: duplicate key value violates unique constraint "inscrieri_examene_sportiv_grad_unique"} @ http://localhost:5173/components/GestiuneExamene/ImportExcelExamen.tsx:224
[  423275ms] [ERROR] Failed to load resource: the server responded with a status of 409 () @ https://wuhidifzsutwgdfkwhmd.supabase.co/rest/v1/inscrieri_examene?on_conflict=sportiv_id%2Csesiune_id&select=*:0
[  423276ms] [ERROR] [ImportExcel] Eroare înscriere SOLCANU IOANA ELIZA: {code: 23505, details: null, hint: null, message: duplicate key value violates unique constraint "inscrieri_examene_sportiv_grad_unique"} @ http://localhost:5173/components/GestiuneExamene/ImportExcelExamen.tsx:224
[  423372ms] [ERROR] Failed to load resource: the server responded with a status of 409 () @ https://wuhidifzsutwgdfkwhmd.supabase.co/rest/v1/inscrieri_examene?on_conflict=sportiv_id%2Csesiune_id&select=*:0
[  423372ms] [ERROR] [ImportExcel] Eroare înscriere SPINARE ALEXANRU: {code: 23505, details: null, hint: null, message: duplicate key value violates unique constraint "inscrieri_examene_sportiv_grad_unique"} @ http://localhost:5173/components/GestiuneExamene/ImportExcelExamen.tsx:224
[  423465ms] [ERROR] Failed to load resource: the server responded with a status of 409 () @ https://wuhidifzsutwgdfkwhmd.supabase.co/rest/v1/inscrieri_examene?on_conflict=sportiv_id%2Csesiune_id&select=*:0
[  423466ms] [ERROR] [ImportExcel] Eroare înscriere IANCU REBECA ELENA: {code: 23505, details: null, hint: null, message: duplicate key value violates unique constraint "inscrieri_examene_sportiv_grad_unique"} @ http://localhost:5173/components/GestiuneExamene/ImportExcelExamen.tsx:224
[  423562ms] [ERROR] Failed to load resource: the server responded with a status of 409 () @ https://wuhidifzsutwgdfkwhmd.supabase.co/rest/v1/inscrieri_examene?on_conflict=sportiv_id%2Csesiune_id&select=*:0
[  423563ms] [ERROR] [ImportExcel] Eroare înscriere VASILIU SABIN ANDREI: {code: 23505, details: null, hint: null, message: duplicate key value violates unique constraint "inscrieri_examene_sportiv_grad_unique"} @ http://localhost:5173/components/GestiuneExamene/ImportExcelExamen.tsx:224
[  423657ms] [ERROR] Failed to load resource: the server responded with a status of 409 () @ https://wuhidifzsutwgdfkwhmd.supabase.co/rest/v1/inscrieri_examene?on_conflict=sportiv_id%2Csesiune_id&select=*:0
[  423658ms] [ERROR] [ImportExcel] Eroare înscriere APOSTOL ANASTASIA: {code: 23505, details: null, hint: null, message: duplicate key value violates unique constraint "inscrieri_examene_sportiv_grad_unique"} @ http://localhost:5173/components/GestiuneExamene/ImportExcelExamen.tsx:224
[  423752ms] [ERROR] Failed to load resource: the server responded with a status of 409 () @ https://wuhidifzsutwgdfkwhmd.supabase.co/rest/v1/inscrieri_examene?on_conflict=sportiv_id%2Csesiune_id&select=*:0
[  423756ms] [ERROR] [ImportExcel] Eroare înscriere BOLOHAN VLAD: {code: 23505, details: null, hint: null, message: duplicate key value violates unique constraint "inscrieri_examene_sportiv_grad_unique"} @ http://localhost:5173/components/GestiuneExamene/ImportExcelExamen.tsx:224
[  423856ms] [ERROR] Failed to load resource: the server responded with a status of 409 () @ https://wuhidifzsutwgdfkwhmd.supabase.co/rest/v1/inscrieri_examene?on_conflict=sportiv_id%2Csesiune_id&select=*:0
[  423857ms] [ERROR] [ImportExcel] Eroare înscriere CERCEL CRISTIAN GABRIEL: {code: 23505, details: null, hint: null, message: duplicate key value violates unique constraint "inscrieri_examene_sportiv_grad_unique"} @ http://localhost:5173/components/GestiuneExamene/ImportExcelExamen.tsx:224
[  423949ms] [ERROR] Failed to load resource: the server responded with a status of 409 () @ https://wuhidifzsutwgdfkwhmd.supabase.co/rest/v1/inscrieri_examene?on_conflict=sportiv_id%2Csesiune_id&select=*:0
[  423950ms] [ERROR] [ImportExcel] Eroare înscriere CHITICARIU ERICA ELENA: {code: 23505, details: null, hint: null, message: duplicate key value violates unique constraint "inscrieri_examene_sportiv_grad_unique"} @ http://localhost:5173/components/GestiuneExamene/ImportExcelExamen.tsx:224
[  424200ms] [ERROR] Failed to load resource: the server responded with a status of 409 () @ https://wuhidifzsutwgdfkwhmd.supabase.co/rest/v1/inscrieri_examene?on_conflict=sportiv_id%2Csesiune_id&select=*:0
[  424201ms] [ERROR] [ImportExcel] Eroare înscriere CIOCÂRLAN ADA ECATERINA: {code: 23505, details: null, hint: null, message: duplicate key value violates unique constraint "inscrieri_examene_sportiv_grad_unique"} @ http://localhost:5173/components/GestiuneExamene/ImportExcelExamen.tsx:224
[  424309ms] [ERROR] Failed to load resource: the server responded with a status of 409 () @ https://wuhidifzsutwgdfkwhmd.supabase.co/rest/v1/inscrieri_examene?on_conflict=sportiv_id%2Csesiune_id&select=*:0
[  424310ms] [ERROR] [ImportExcel] Eroare înscriere HRISTEA RAREȘ IOAN: {code: 23505, details: null, hint: null, message: duplicate key value violates unique constraint "inscrieri_examene_sportiv_grad_unique"} @ http://localhost:5173/components/GestiuneExamene/ImportExcelExamen.tsx:224
[  424404ms] [ERROR] Failed to load resource: the server responded with a status of 409 () @ https://wuhidifzsutwgdfkwhmd.supabase.co/rest/v1/inscrieri_examene?on_conflict=sportiv_id%2Csesiune_id&select=*:0
[  424405ms] [ERROR] [ImportExcel] Eroare înscriere MAYER CARL OCTAV: {code: 23505, details: null, hint: null, message: duplicate key value violates unique constraint "inscrieri_examene_sportiv_grad_unique"} @ http://localhost:5173/components/GestiuneExamene/ImportExcelExamen.tsx:224
[  424493ms] [ERROR] Failed to load resource: the server responded with a status of 409 () @ https://wuhidifzsutwgdfkwhmd.supabase.co/rest/v1/inscrieri_examene?on_conflict=sportiv_id%2Csesiune_id&select=*:0
[  424494ms] [ERROR] [ImportExcel] Eroare înscriere AMARIEI ALBERT MATEI: {code: 23505, details: null, hint: null, message: duplicate key value violates unique constraint "inscrieri_examene_sportiv_grad_unique"} @ http://localhost:5173/components/GestiuneExamene/ImportExcelExamen.tsx:224
[  424590ms] [ERROR] Failed to load resource: the server responded with a status of 409 () @ https://wuhidifzsutwgdfkwhmd.supabase.co/rest/v1/inscrieri_examene?on_conflict=sportiv_id%2Csesiune_id&select=*:0
[  424591ms] [ERROR] [ImportExcel] Eroare înscriere FODOR IUSTINA MARIA: {code: 23505, details: null, hint: null, message: duplicate key value violates unique constraint "inscrieri_examene_sportiv_grad_unique"} @ http://localhost:5173/components/GestiuneExamene/ImportExcelExamen.tsx:224
[  424684ms] [ERROR] Failed to load resource: the server responded with a status of 409 () @ https://wuhidifzsutwgdfkwhmd.supabase.co/rest/v1/inscrieri_examene?on_conflict=sportiv_id%2Csesiune_id&select=*:0
[  424686ms] [ERROR] [ImportExcel] Eroare înscriere GRIGORAȘ ROBERT ALEX.: {code: 23505, details: null, hint: null, message: duplicate key value violates unique constraint "inscrieri_examene_sportiv_grad_unique"} @ http://localhost:5173/components/GestiuneExamene/ImportExcelExamen.tsx:224
[  424783ms] [ERROR] Failed to load resource: the server responded with a status of 409 () @ https://wuhidifzsutwgdfkwhmd.supabase.co/rest/v1/inscrieri_examene?on_conflict=sportiv_id%2Csesiune_id&select=*:0
[  424784ms] [ERROR] [ImportExcel] Eroare înscriere PÎNZARU DANIEL: {code: 23505, details: null, hint: null, message: duplicate key value violates unique constraint "inscrieri_examene_sportiv_grad_unique"} @ http://localhost:5173/components/GestiuneExamene/ImportExcelExamen.tsx:224
[  424860ms] [ERROR] Failed to load resource: the server responded with a status of 400 () @ https://wuhidifzsutwgdfkwhmd.supabase.co/rest/v1/sportivi?select=*:0
[  424956ms] [ERROR] Failed to load resource: the server responded with a status of 409 () @ https://wuhidifzsutwgdfkwhmd.supabase.co/rest/v1/inscrieri_examene?on_conflict=sportiv_id%2Csesiune_id&select=*:0
[  424957ms] [ERROR] [ImportExcel] Eroare înscriere SANDU MARCO: {code: 23505, details: null, hint: null, message: duplicate key value violates unique constraint "inscrieri_examene_sportiv_grad_unique"} @ http://localhost:5173/components/GestiuneExamene/ImportExcelExamen.tsx:224
[  425051ms] [ERROR] Failed to load resource: the server responded with a status of 409 () @ https://wuhidifzsutwgdfkwhmd.supabase.co/rest/v1/inscrieri_examene?on_conflict=sportiv_id%2Csesiune_id&select=*:0
[  425052ms] [ERROR] [ImportExcel] Eroare înscriere TODICĂ ANDREI: {code: 23505, details: null, hint: null, message: duplicate key value violates unique constraint "inscrieri_examene_sportiv_grad_unique"} @ http://localhost:5173/components/GestiuneExamene/ImportExcelExamen.tsx:224
[  425161ms] [ERROR] Failed to load resource: the server responded with a status of 409 () @ https://wuhidifzsutwgdfkwhmd.supabase.co/rest/v1/inscrieri_examene?on_conflict=sportiv_id%2Csesiune_id&select=*:0
[  425162ms] [ERROR] [ImportExcel] Eroare înscriere VLASOV ANDREI: {code: 23505, details: null, hint: null, message: duplicate key value violates unique constraint "inscrieri_examene_sportiv_grad_unique"} @ http://localhost:5173/components/GestiuneExamene/ImportExcelExamen.tsx:224
[  425257ms] [ERROR] Failed to load resource: the server responded with a status of 409 () @ https://wuhidifzsutwgdfkwhmd.supabase.co/rest/v1/inscrieri_examene?on_conflict=sportiv_id%2Csesiune_id&select=*:0
[  425258ms] [ERROR] [ImportExcel] Eroare înscriere RADU RĂZVAN: {code: 23505, details: null, hint: null, message: duplicate key value violates unique constraint "inscrieri_examene_sportiv_grad_unique"} @ http://localhost:5173/components/GestiuneExamene/ImportExcelExamen.tsx:224
[  425349ms] [ERROR] Failed to load resource: the server responded with a status of 409 () @ https://wuhidifzsutwgdfkwhmd.supabase.co/rest/v1/inscrieri_examene?on_conflict=sportiv_id%2Csesiune_id&select=*:0
[  425350ms] [ERROR] [ImportExcel] Eroare înscriere MOROȘANU DAMIAN ȘTEFAN: {code: 23505, details: null, hint: null, message: duplicate key value violates unique constraint "inscrieri_examene_sportiv_grad_unique"} @ http://localhost:5173/components/GestiuneExamene/ImportExcelExamen.tsx:224
